<?xml version="1.0" encoding="UTF-8"?>
<testng-results ignored="0" total="1" passed="1" failed="0" skipped="0">
  <reporter-output>
  </reporter-output>
  <suite started-at="2023-06-29T16:25:17 IST" name="Default suite" finished-at="2023-06-29T16:25:40 IST" duration-ms="23037">
    <groups>
    </groups>
    <test started-at="2023-06-29T16:25:17 IST" name="Default test" finished-at="2023-06-29T16:25:40 IST" duration-ms="23037">
      <class name="tests.LoginPageTest">
        <test-method is-config="true" signature="SetUp()[pri:0, instance:tests.LoginPageTest@6340e5f0]" started-at="2023-06-29T16:25:17 IST" name="SetUp" finished-at="2023-06-29T16:25:32 IST" duration-ms="14348" status="PASS">
          <reporter-output>
          </reporter-output>
        </test-method> <!-- SetUp -->
        <test-method signature="logins()[pri:0, instance:tests.LoginPageTest@6340e5f0]" started-at="2023-06-29T16:25:32 IST" name="logins" finished-at="2023-06-29T16:25:40 IST" duration-ms="7995" status="PASS">
          <reporter-output>
          </reporter-output>
        </test-method> <!-- logins -->
        <test-method is-config="true" signature="tearDown()[pri:0, instance:tests.LoginPageTest@6340e5f0]" started-at="2023-06-29T16:25:40 IST" name="tearDown" finished-at="2023-06-29T16:25:40 IST" duration-ms="511" status="PASS">
          <reporter-output>
          </reporter-output>
        </test-method> <!-- tearDown -->
      </class> <!-- tests.LoginPageTest -->
    </test> <!-- Default test -->
  </suite> <!-- Default suite -->
</testng-results>
